<?xml version="1.0" encoding="UTF-8"?>
<testsuite xmlns:xsi="http://www.w3.org/2001/XMLSchema-instance" xsi:noNamespaceSchemaLocation="https://maven.apache.org/surefire/maven-surefire-plugin/xsd/surefire-test-report.xsd" name="com.hsbc.us.fiet.interview.cotton_ben.FilteredEventBlockingQueueTest" time="0.23" tests="53" errors="0" skipped="0" failures="0">
  <properties>
[...]
</properties>
  <testcase name="parallelStream" classname="com.hsbc.us.fiet.interview.cotton_ben.FilteredEventBlockingQueueTest" time="0"/>
  <testcase name="remainingCapacity" classname="com.hsbc.us.fiet.interview.cotton_ben.FilteredEventBlockingQueueTest" time="0"/>
  <testcase name="spliterator" classname="com.hsbc.us.fiet.interview.cotton_ben.FilteredEventBlockingQueueTest" time="0"/>
  <testcase name="element" classname="com.hsbc.us.fiet.interview.cotton_ben.FilteredEventBlockingQueueTest" time="0"/>
  <testcase name="setEventPattern" classname="com.hsbc.us.fiet.interview.cotton_ben.FilteredEventBlockingQueueTest" time="0"/>
  <testcase name="testToArray1" classname="com.hsbc.us.fiet.interview.cotton_ben.FilteredEventBlockingQueueTest" time="0"/>
  <testcase name="testToArray2" classname="com.hsbc.us.fiet.interview.cotton_ben.FilteredEventBlockingQueueTest" time="0"/>
  <testcase name="testToArray" classname="com.hsbc.us.fiet.interview.cotton_ben.FilteredEventBlockingQueueTest" time="0"/>
  <testcase name="retainAll" classname="com.hsbc.us.fiet.interview.cotton_ben.FilteredEventBlockingQueueTest" time="0"/>
  <testcase name="addAll" classname="com.hsbc.us.fiet.interview.cotton_ben.FilteredEventBlockingQueueTest" time="0"/>
  <testcase name="testAdd" classname="com.hsbc.us.fiet.interview.cotton_ben.FilteredEventBlockingQueueTest" time="0"/>
  <testcase name="onEventCallback" classname="com.hsbc.us.fiet.interview.cotton_ben.FilteredEventBlockingQueueTest" time="0"/>
  <testcase name="testClear" classname="com.hsbc.us.fiet.interview.cotton_ben.FilteredEventBlockingQueueTest" time="0"/>
  <testcase name="testOffer" classname="com.hsbc.us.fiet.interview.cotton_ben.FilteredEventBlockingQueueTest" time="0.012"/>
  <testcase name="toArray" classname="com.hsbc.us.fiet.interview.cotton_ben.FilteredEventBlockingQueueTest" time="0"/>
  <testcase name="itemAt" classname="com.hsbc.us.fiet.interview.cotton_ben.FilteredEventBlockingQueueTest" time="0"/>
  <testcase name="testAdd1" classname="com.hsbc.us.fiet.interview.cotton_ben.FilteredEventBlockingQueueTest" time="0"/>
  <testcase name="testPoll" classname="com.hsbc.us.fiet.interview.cotton_ben.FilteredEventBlockingQueueTest" time="0"/>
  <testcase name="testToString" classname="com.hsbc.us.fiet.interview.cotton_ben.FilteredEventBlockingQueueTest" time="0.001"/>
  <testcase name="remove" classname="com.hsbc.us.fiet.interview.cotton_ben.FilteredEventBlockingQueueTest" time="0"/>
  <testcase name="stream" classname="com.hsbc.us.fiet.interview.cotton_ben.FilteredEventBlockingQueueTest" time="0"/>
  <testcase name="forEach" classname="com.hsbc.us.fiet.interview.cotton_ben.FilteredEventBlockingQueueTest" time="0"/>
  <testcase name="getEventObject" classname="com.hsbc.us.fiet.interview.cotton_ben.FilteredEventBlockingQueueTest" time="0"/>
  <testcase name="contains" classname="com.hsbc.us.fiet.interview.cotton_ben.FilteredEventBlockingQueueTest" time="0"/>
  <testcase name="removeAt" classname="com.hsbc.us.fiet.interview.cotton_ben.FilteredEventBlockingQueueTest" time="0"/>
  <testcase name="removeIf" classname="com.hsbc.us.fiet.interview.cotton_ben.FilteredEventBlockingQueueTest" time="0"/>
  <testcase name="add" classname="com.hsbc.us.fiet.interview.cotton_ben.FilteredEventBlockingQueueTest" time="0"/>
  <testcase name="dec" classname="com.hsbc.us.fiet.interview.cotton_ben.FilteredEventBlockingQueueTest" time="0"/>
  <testcase name="put" classname="com.hsbc.us.fiet.interview.cotton_ben.FilteredEventBlockingQueueTest" time="0"/>
  <testcase name="peek" classname="com.hsbc.us.fiet.interview.cotton_ben.FilteredEventBlockingQueueTest" time="0"/>
  <testcase name="poll" classname="com.hsbc.us.fiet.interview.cotton_ben.FilteredEventBlockingQueueTest" time="0"/>
  <testcase name="size" classname="com.hsbc.us.fiet.interview.cotton_ben.FilteredEventBlockingQueueTest" time="0"/>
  <testcase name="take" classname="com.hsbc.us.fiet.interview.cotton_ben.FilteredEventBlockingQueueTest" time="0.205"/>
  <testcase name="clear" classname="com.hsbc.us.fiet.interview.cotton_ben.FilteredEventBlockingQueueTest" time="0"/>
  <testcase name="offer" classname="com.hsbc.us.fiet.interview.cotton_ben.FilteredEventBlockingQueueTest" time="0"/>
  <testcase name="testContains" classname="com.hsbc.us.fiet.interview.cotton_ben.FilteredEventBlockingQueueTest" time="0"/>
  <testcase name="containsAll" classname="com.hsbc.us.fiet.interview.cotton_ben.FilteredEventBlockingQueueTest" time="0"/>
  <testcase name="testRemove1" classname="com.hsbc.us.fiet.interview.cotton_ben.FilteredEventBlockingQueueTest" time="0"/>
  <testcase name="testHashCode" classname="com.hsbc.us.fiet.interview.cotton_ben.FilteredEventBlockingQueueTest" time="0"/>
  <testcase name="iterator" classname="com.hsbc.us.fiet.interview.cotton_ben.FilteredEventBlockingQueueTest" time="0"/>
  <testcase name="testAddAll" classname="com.hsbc.us.fiet.interview.cotton_ben.FilteredEventBlockingQueueTest" time="0"/>
  <testcase name="testClear1" classname="com.hsbc.us.fiet.interview.cotton_ben.FilteredEventBlockingQueueTest" time="0"/>
  <testcase name="removeAll" classname="com.hsbc.us.fiet.interview.cotton_ben.FilteredEventBlockingQueueTest" time="0.001"/>
  <testcase name="testEquals" classname="com.hsbc.us.fiet.interview.cotton_ben.FilteredEventBlockingQueueTest" time="0"/>
  <testcase name="testToString1" classname="com.hsbc.us.fiet.interview.cotton_ben.FilteredEventBlockingQueueTest" time="0"/>
  <testcase name="testDrainTo" classname="com.hsbc.us.fiet.interview.cotton_ben.FilteredEventBlockingQueueTest" time="0"/>
  <testcase name="testRemove" classname="com.hsbc.us.fiet.interview.cotton_ben.FilteredEventBlockingQueueTest" time="0"/>
  <testcase name="getEventPattern" classname="com.hsbc.us.fiet.interview.cotton_ben.FilteredEventBlockingQueueTest" time="0"/>
  <testcase name="testSpliterator1" classname="com.hsbc.us.fiet.interview.cotton_ben.FilteredEventBlockingQueueTest" time="0"/>
  <testcase name="setEventObject" classname="com.hsbc.us.fiet.interview.cotton_ben.FilteredEventBlockingQueueTest" time="0"/>
  <testcase name="testSpliterator" classname="com.hsbc.us.fiet.interview.cotton_ben.FilteredEventBlockingQueueTest" time="0"/>
  <testcase name="drainTo" classname="com.hsbc.us.fiet.interview.cotton_ben.FilteredEventBlockingQueueTest" time="0"/>
  <testcase name="isEmpty" classname="com.hsbc.us.fiet.interview.cotton_ben.FilteredEventBlockingQueueTest" time="0"/>
</testsuite>